<?xml version="1.0" encoding="UTF-8"?>
<testng-results skipped="0" failed="0" total="4" passed="4">
  <reporter-output>
  </reporter-output>
  <suite name="Command line suite" duration-ms="85938" started-at="2017-05-19T05:05:45Z" finished-at="2017-05-19T05:07:11Z">
    <groups>
    </groups>
    <test name="Command line test" duration-ms="85938" started-at="2017-05-19T05:05:45Z" finished-at="2017-05-19T05:07:11Z">
      <class name="testCases.BookATourTest">
        <test-method status="PASS" signature="startSelenium()[pri:0, instance:testCases.BookATourTest@7f9a81e8]" name="startSelenium" is-config="true" duration-ms="1708" started-at="2017-05-19T01:05:46Z" finished-at="2017-05-19T01:05:47Z">
          <reporter-output>
          </reporter-output>
        </test-method> <!-- startSelenium -->
        <test-method status="PASS" signature="setup()[pri:0, instance:testCases.BookATourTest@7f9a81e8]" name="setup" is-config="true" duration-ms="26" started-at="2017-05-19T01:05:47Z" finished-at="2017-05-19T01:05:47Z">
          <reporter-output>
          </reporter-output>
        </test-method> <!-- setup -->
        <test-method status="PASS" signature="BookTour()[pri:0, instance:testCases.BookATourTest@7f9a81e8]" name="BookTour" duration-ms="67011" started-at="2017-05-19T01:05:47Z" finished-at="2017-05-19T01:06:54Z">
          <reporter-output>
          </reporter-output>
        </test-method> <!-- BookTour -->
        <test-method status="PASS" signature="TearDown()[pri:0, instance:testCases.BookATourTest@7f9a81e8]" name="TearDown" is-config="true" duration-ms="383" started-at="2017-05-19T01:06:54Z" finished-at="2017-05-19T01:06:55Z">
          <reporter-output>
          </reporter-output>
        </test-method> <!-- TearDown -->
        <test-method status="PASS" signature="tearDown()[pri:0, instance:testCases.BookATourTest@7f9a81e8]" name="tearDown" is-config="true" duration-ms="0" started-at="2017-05-19T01:06:54Z" finished-at="2017-05-19T01:06:54Z">
          <reporter-output>
          </reporter-output>
        </test-method> <!-- tearDown -->
      </class> <!-- testCases.BookATourTest -->
      <class name="testCases.LoginTest">
        <test-method status="PASS" signature="startSelenium()[pri:0, instance:testCases.LoginTest@1593948d]" name="startSelenium" is-config="true" duration-ms="5" started-at="2017-05-19T01:06:55Z" finished-at="2017-05-19T01:06:55Z">
          <reporter-output>
          </reporter-output>
        </test-method> <!-- startSelenium -->
        <test-method status="PASS" signature="setup()[pri:0, instance:testCases.LoginTest@1593948d]" name="setup" is-config="true" duration-ms="10" started-at="2017-05-19T01:06:55Z" finished-at="2017-05-19T01:06:55Z">
          <reporter-output>
          </reporter-output>
        </test-method> <!-- setup -->
        <test-method status="PASS" signature="checkOpenWindows()[pri:0, instance:testCases.LoginTest@1593948d]" name="checkOpenWindows" duration-ms="10201" started-at="2017-05-19T01:06:55Z" finished-at="2017-05-19T01:07:05Z">
          <reporter-output>
          </reporter-output>
        </test-method> <!-- checkOpenWindows -->
        <test-method status="PASS" signature="invalidLogin()[pri:0, instance:testCases.LoginTest@1593948d]" name="invalidLogin" duration-ms="2643" started-at="2017-05-19T01:07:05Z" finished-at="2017-05-19T01:07:07Z">
          <reporter-output>
          </reporter-output>
        </test-method> <!-- invalidLogin -->
        <test-method status="PASS" signature="loginSucess()[pri:0, instance:testCases.LoginTest@1593948d]" name="loginSucess" duration-ms="3722" started-at="2017-05-19T01:07:07Z" finished-at="2017-05-19T01:07:11Z">
          <reporter-output>
          </reporter-output>
        </test-method> <!-- loginSucess -->
        <test-method status="PASS" signature="TearDown()[pri:0, instance:testCases.LoginTest@1593948d]" name="TearDown" is-config="true" duration-ms="214" started-at="2017-05-19T01:07:11Z" finished-at="2017-05-19T01:07:11Z">
          <reporter-output>
          </reporter-output>
        </test-method> <!-- TearDown -->
        <test-method status="PASS" signature="tearDown()[pri:0, instance:testCases.LoginTest@1593948d]" name="tearDown" is-config="true" duration-ms="0" started-at="2017-05-19T01:07:11Z" finished-at="2017-05-19T01:07:11Z">
          <reporter-output>
          </reporter-output>
        </test-method> <!-- tearDown -->
      </class> <!-- testCases.LoginTest -->
    </test> <!-- Command line test -->
  </suite> <!-- Command line suite -->
</testng-results>
