<?xml version="1.0" encoding="UTF-8"?>
<!-- Generated by org.testng.reporters.JUnitXMLReporter -->
<testsuite hostname="Sauravs-MacBook-Pro" name="Command line test" tests="4" failures="0" timestamp="19 May 2017 05:07:11 GMT" time="85.938" errors="0">
  <testcase name="BookTour" time="67.011" classname="testCases.BookATourTest"/>
  <testcase name="checkOpenWindows" time="10.201" classname="testCases.LoginTest"/>
  <testcase name="invalidLogin" time="2.643" classname="testCases.LoginTest"/>
  <testcase name="loginSucess" time="3.722" classname="testCases.LoginTest"/>
</testsuite> <!-- Command line test -->
